# JRE version: OpenJDK Runtime Environment (11.0.7+10) (build 11.0.7+10-post-Ubuntu-2ubuntu218.04)
# Java VM: OpenJDK 64-Bit Server VM (11.0.7+10-post-Ubuntu-2ubuntu218.04, mixed mode, sharing, tiered, compressed oops, g1 gc, linux-amd64)
Heap:
 garbage-first heap   total 129024K, used 21967K [0x0000000085400000, 0x0000000100000000)
  region size 1024K, 14 young (14336K), 5 survivors (5120K)
 Metaspace       used 27759K, capacity 28706K, committed 28976K, reserved 1075200K
  class space    used 3343K, capacity 3700K, committed 3712K, reserved 1048576K
GC Heap History (18 events):
Event: 2,860 GC heap before
{Heap before GC invocations=0 (full 0):
 garbage-first heap   total 129024K, used 16068K [0x0000000085400000, 0x0000000100000000)
  region size 1024K, 14 young (14336K), 0 survivors (0K)
 Metaspace       used 3910K, capacity 5451K, committed 5632K, reserved 1056768K
  class space    used 342K, capacity 474K, committed 512K, reserved 1048576K
}
Event: 2,896 GC heap after
{Heap after GC invocations=1 (full 0):
 garbage-first heap   total 129024K, used 5555K [0x0000000085400000, 0x0000000100000000)
  region size 1024K, 2 young (2048K), 2 survivors (2048K)
 Metaspace       used 3910K, capacity 5451K, committed 5632K, reserved 1056768K
  class space    used 342K, capacity 474K, committed 512K, reserved 1048576K
}
Event: 8,192 GC heap before
{Heap before GC invocations=1 (full 0):
 garbage-first heap   total 129024K, used 79283K [0x0000000085400000, 0x0000000100000000)
  region size 1024K, 74 young (75776K), 2 survivors (2048K)
 Metaspace       used 11024K, capacity 11444K, committed 11648K, reserved 1058816K
  class space    used 1202K, capacity 1360K, committed 1408K, reserved 1048576K
}
Event: 8,250 GC heap after
{Heap after GC invocations=2 (full 0):
 garbage-first heap   total 129024K, used 7988K [0x0000000085400000, 0x0000000100000000)
  region size 1024K, 5 young (5120K), 5 survivors (5120K)
 Metaspace       used 11024K, capacity 11444K, committed 11648K, reserved 1058816K
  class space    used 1202K, capacity 1360K, committed 1408K, reserved 1048576K
}
Event: 8,650 GC heap before
{Heap before GC invocations=2 (full 0):
 garbage-first heap   total 129024K, used 18228K [0x0000000085400000, 0x0000000100000000)
  region size 1024K, 15 young (15360K), 5 survivors (5120K)
 Metaspace       used 11791K, capacity 12244K, committed 12544K, reserved 1060864K
  class space    used 1304K, capacity 1456K, committed 1536K, reserved 1048576K
}
Event: 8,694 GC heap after
{Heap after GC invocations=3 (full 0):
 garbage-first heap   total 129024K, used 7975K [0x0000000085400000, 0x0000000100000000)
  region size 1024K, 1 young (1024K), 1 survivors (1024K)
 Metaspace       used 11791K, capacity 12244K, committed 12544K, reserved 1060864K
  class space    used 1304K, capacity 1456K, committed 1536K, reserved 1048576K
}
Event: 12,034 GC heap before
{Heap before GC invocations=3 (full 0):
 garbage-first heap   total 129024K, used 77607K [0x0000000085400000, 0x0000000100000000)
  region size 1024K, 69 young (70656K), 1 survivors (1024K)
 Metaspace       used 16918K, capacity 17507K, committed 17664K, reserved 1064960K
  class space    used 2008K, capacity 2210K, committed 2304K, reserved 1048576K
}
Event: 12,053 GC heap after
{Heap after GC invocations=4 (full 0):
 garbage-first heap   total 129024K, used 9075K [0x0000000085400000, 0x0000000100000000)
  region size 1024K, 2 young (2048K), 2 survivors (2048K)
 Metaspace       used 16918K, capacity 17507K, committed 17664K, reserved 1064960K
  class space    used 2008K, capacity 2210K, committed 2304K, reserved 1048576K
}
Event: 65,473 GC heap before
{Heap before GC invocations=4 (full 0):
 garbage-first heap   total 129024K, used 81779K [0x0000000085400000, 0x0000000100000000)
  region size 1024K, 74 young (75776K), 2 survivors (2048K)
 Metaspace       used 18125K, capacity 18683K, committed 18816K, reserved 1064960K
  class space    used 2136K, capacity 2366K, committed 2432K, reserved 1048576K
}
Event: 65,478 GC heap after
{Heap after GC invocations=5 (full 0):
 garbage-first heap   total 129024K, used 10131K [0x0000000085400000, 0x0000000100000000)
  region size 1024K, 3 young (3072K), 3 survivors (3072K)
 Metaspace       used 18125K, capacity 18683K, committed 18816K, reserved 1064960K
  class space    used 2136K, capacity 2366K, committed 2432K, reserved 1048576K
}
Event: 89,233 GC heap before
{Heap before GC invocations=5 (full 0):
 garbage-first heap   total 129024K, used 82835K [0x0000000085400000, 0x0000000100000000)
  region size 1024K, 74 young (75776K), 3 survivors (3072K)
 Metaspace       used 20040K, capacity 20685K, committed 20864K, reserved 1067008K
  class space    used 2353K, capacity 2596K, committed 2688K, reserved 1048576K
}
Event: 89,245 GC heap after
{Heap after GC invocations=6 (full 0):
 garbage-first heap   total 129024K, used 10389K [0x0000000085400000, 0x0000000100000000)
  region size 1024K, 3 young (3072K), 3 survivors (3072K)
 Metaspace       used 20040K, capacity 20685K, committed 20864K, reserved 1067008K
  class space    used 2353K, capacity 2596K, committed 2688K, reserved 1048576K
}
Event: 95,306 GC heap before
{Heap before GC invocations=6 (full 0):
 garbage-first heap   total 129024K, used 17557K [0x0000000085400000, 0x0000000100000000)
  region size 1024K, 11 young (11264K), 3 survivors (3072K)
 Metaspace       used 20591K, capacity 21204K, committed 21296K, reserved 1069056K
  class space    used 2432K, capacity 2663K, committed 2688K, reserved 1048576K
}
Event: 95,328 GC heap after
{Heap after GC invocations=7 (full 0):
 garbage-first heap   total 129024K, used 10676K [0x0000000085400000, 0x0000000100000000)
  region size 1024K, 3 young (3072K), 3 survivors (3072K)
 Metaspace       used 20591K, capacity 21204K, committed 21296K, reserved 1069056K
  class space    used 2432K, capacity 2663K, committed 2688K, reserved 1048576K
}
Event: 114,998 GC heap before
{Heap before GC invocations=8 (full 0):
 garbage-first heap   total 129024K, used 71092K [0x0000000085400000, 0x0000000100000000)
  region size 1024K, 62 young (63488K), 3 survivors (3072K)
 Metaspace       used 25191K, capacity 26053K, committed 26288K, reserved 1073152K
  class space    used 3084K, capacity 3459K, committed 3584K, reserved 1048576K
}
Event: 115,019 GC heap after
{Heap after GC invocations=9 (full 0):
 garbage-first heap   total 129024K, used 12974K [0x0000000085400000, 0x0000000100000000)
  region size 1024K, 6 young (6144K), 6 survivors (6144K)
 Metaspace       used 25191K, capacity 26053K, committed 26288K, reserved 1073152K
  class space    used 3084K, capacity 3459K, committed 3584K, reserved 1048576K
}
Event: 120,557 GC heap before
{Heap before GC invocations=9 (full 0):
 garbage-first heap   total 129024K, used 74414K [0x0000000085400000, 0x0000000100000000)
  region size 1024K, 67 young (68608K), 6 survivors (6144K)
 Metaspace       used 27199K, capacity 28138K, committed 28464K, reserved 1075200K
  class space    used 3274K, capacity 3661K, committed 3712K, reserved 1048576K
}
Event: 120,578 GC heap after
{Heap after GC invocations=10 (full 0):
 garbage-first heap   total 129024K, used 13775K [0x0000000085400000, 0x0000000100000000)
  region size 1024K, 5 young (5120K), 5 survivors (5120K)
 Metaspace       used 27199K, capacity 28138K, committed 28464K, reserved 1075200K
  class space    used 3274K, capacity 3661K, committed 3712K, reserved 1048576K
}

